[debug] > Exec(early(addDefaultCommands), None, None)
[debug] > Exec(addDefaultCommands, None, None)
[debug] > Exec(early(initialize), None, None)
[debug] > Exec(initialize, None, None)
[debug] > Exec(early(addPluginSbtFile="""C:\Users\JANFAN\AppData\Local\Temp\idea.sbt"""), None, None)
[debug] > Exec(addPluginSbtFile="""C:\Users\JANFAN\AppData\Local\Temp\idea.sbt""", None, None)
[debug] > Exec(boot, None, None)
[debug] > Exec(writeSbtVersion, None, None)
[debug] > Exec(reload, None, None)
[debug] > Exec(sbtStashOnFailure, None, None)
[debug] > Exec(onFailure loadFailed, None, None)
[debug] > Exec(loadp, None, None)
[info] welcome to sbt 1.9.7 (Oracle Corporation Java 11.0.22)
[debug] Load.defaultLoad until apply took 336.6616ms
[debug]           Load.loadUnit: plugins took 333.331ms
[debug]           Load.loadUnit: defsScala took 0.8657ms
[debug] [Loading] Scanning directory C:\Users\JANFAN\Documents\GitHub\CSYE7200-HW6\assignment-web-crawler\project
[debug]             Load.loadUnit: mkEval took 26.0405ms
[debug] [Loading] Found non-root projects 
[debug] [Loading] Done in C:\Users\JANFAN\Documents\GitHub\CSYE7200-HW6\assignment-web-crawler\project, returning: ()
[debug] deducing auto plugins based on known facts Set(Atom(sbt.plugins.CorePlugin)) and clauses Clauses(Clause(Atom(sbt.plugins.JvmPlugin),Set(Atom(sbt.plugins.IvyPlugin)))
[debug] Clause(Atom(sbt.ScriptedPlugin),Set(Atom(sbt.plugins.JvmPlugin)))
[debug] Clause(Atom(sbt.plugins.SbtPlugin),Set(Atom(sbt.ScriptedPlugin)))
[debug] Clause(Atom(sbt.plugins.SemanticdbPlugin),Set(Atom(sbt.plugins.JvmPlugin)))
[debug] Clause(Atom(sbt.plugins.JUnitXmlReportPlugin),Set(Atom(sbt.plugins.JvmPlugin)))
[debug] Clause(Atom(sbt.plugins.MiniDependencyTreePlugin),Set(Atom(sbt.plugins.JvmPlugin)))
[debug] Clause(Atom(sbt.plugins.CorePlugin),Set(Atom(sbt.plugins.IvyPlugin)))
[debug] Clause(Atom(sbt.plugins.IvyPlugin),Set(Atom(sbt.plugins.JvmPlugin)))
[debug] Clause(Atom(sbt.plugins.JvmPlugin),Set(Atom(sbt.plugins.SemanticdbPlugin)))
[debug] Clause(Atom(sbt.plugins.JvmPlugin),Set(Atom(sbt.plugins.JUnitXmlReportPlugin)))
[debug] Clause(Atom(sbt.plugins.CorePlugin),Set(Atom(sbt.plugins.Giter8TemplatePlugin)))
[debug] Clause(Atom(sbt.plugins.JvmPlugin),Set(Atom(sbt.plugins.MiniDependencyTreePlugin))))
[debug]   :: deduced result: Matched(sbt.plugins.CorePlugin,sbt.plugins.Giter8TemplatePlugin,sbt.plugins.IvyPlugin,sbt.plugins.JvmPlugin,sbt.plugins.MiniDependencyTreePlugin,sbt.plugins.JUnitXmlReportPlugin,sbt.plugins.SemanticdbPlugin)
[debug] Plugins.deducer#function took 42.7773 ms
[info] loading settings for project assignment-web-crawler-build from idea.sbt ...
[debug]               Load.resolveProject(assignment-web-crawler-build) took 108.2297ms
[debug]             Load.loadTransitive: finalizeProject(Project(id assignment-web-crawler-build, base: C:\Users\JANFAN\Documents\GitHub\CSYE7200-HW6\assignment-web-crawler\project, plugins: List(<none>))) took 173.8495ms
[debug] [Loading] Done in C:\Users\JANFAN\Documents\GitHub\CSYE7200-HW6\assignment-web-crawler\project, returning: (assignment-web-crawler-build)
[debug]           Load.loadUnit: loadedProjectsRaw took 6867.766ms
[debug]           Load.loadUnit: cleanEvalClasses took 15.7899ms
[debug]         Load.loadUnit(file:/C:/Users/JANFAN/Documents/GitHub/CSYE7200-HW6/assignment-web-crawler/project/, ...) took 7234.6655ms
[debug]       Load.apply: load took 7475.9356ms
[debug]       Load.apply: resolveProjects took 10.8647ms
[debug]       Load.apply: finalTransforms took 110.9765ms
[debug]       Load.apply: config.delegates took 12.159ms
[debug]       Load.apply: Def.make(settings)... took 698.9877ms
[debug]       Load.apply: structureIndex took 190.4139ms
[debug]       Load.apply: mkStreams took 3.6192ms
[info] loading project definition from C:\Users\JANFAN\Documents\GitHub\CSYE7200-HW6\assignment-web-crawler\project
[debug] Running task... Cancel: Signal, check cycles: false, forcegc: true
[debug]     Load.loadUnit: plugins took 12271.1279ms
[debug]     Load.loadUnit: defsScala took 0.0066ms
[debug] [Loading] Scanning directory C:\Users\JANFAN\Documents\GitHub\CSYE7200-HW6\assignment-web-crawler
[debug]       Load.loadUnit: mkEval took 0.6424ms
[debug] [Loading] Found non-root projects 
[debug] [Loading] Done in C:\Users\JANFAN\Documents\GitHub\CSYE7200-HW6\assignment-web-crawler, returning: ()
[debug] deducing auto plugins based on known facts Set(Atom(sbt.plugins.CorePlugin)) and clauses Clauses(Clause(Atom(sbt.plugins.JvmPlugin),Set(Atom(sbt.plugins.IvyPlugin)))
[debug] Clause(Atom(sbt.ScriptedPlugin),Set(Atom(sbt.plugins.JvmPlugin)))
[debug] Clause(Atom(sbt.plugins.SbtPlugin),Set(Atom(sbt.ScriptedPlugin)))
[debug] Clause(Atom(sbt.plugins.SemanticdbPlugin),Set(Atom(sbt.plugins.JvmPlugin)))
[debug] Clause(Atom(sbt.plugins.JUnitXmlReportPlugin),Set(Atom(sbt.plugins.JvmPlugin)))
[debug] Clause(Atom(sbt.plugins.MiniDependencyTreePlugin),Set(Atom(sbt.plugins.JvmPlugin)))
[debug] Clause(Atom(org.jetbrains.sbt.StructurePlugin),Set(Atom(sbt.plugins.JvmPlugin)))
[debug] Clause(Atom(org.jetbrains.sbt.IdeaShellPlugin),Set(Atom(sbt.plugins.JvmPlugin)))
[debug] Clause(Atom(org.jetbrains.sbt.indices.SbtIntellijIndicesPlugin),Set(Atom(sbt.plugins.JvmPlugin)))
[debug] Clause(Atom(sbt.plugins.CorePlugin),Set(Atom(sbt.plugins.IvyPlugin)))
[debug] Clause(Atom(sbt.plugins.IvyPlugin),Set(Atom(sbt.plugins.JvmPlugin)))
[debug] Clause(Atom(sbt.plugins.JvmPlugin),Set(Atom(sbt.plugins.SemanticdbPlugin)))
[debug] Clause(Atom(sbt.plugins.JvmPlugin),Set(Atom(sbt.plugins.JUnitXmlReportPlugin)))
[debug] Clause(Atom(sbt.plugins.CorePlugin),Set(Atom(sbt.plugins.Giter8TemplatePlugin)))
[debug] Clause(Atom(sbt.plugins.JvmPlugin),Set(Atom(sbt.plugins.MiniDependencyTreePlugin)))
[debug] Clause(Atom(sbt.plugins.JvmPlugin),Set(Atom(org.jetbrains.sbt.StructurePlugin)))
[debug] Clause(Atom(sbt.plugins.JvmPlugin),Set(Atom(org.jetbrains.sbt.IdeaShellPlugin)))
[debug] Clause(And(Set(Atom(sbt.plugins.CorePlugin), Atom(sbt.plugins.JvmPlugin))),Set(Atom(org.jetbrains.sbt.indices.SbtIntellijIndicesPlugin))))
[debug]   :: deduced result: Matched(sbt.plugins.CorePlugin,sbt.plugins.Giter8TemplatePlugin,sbt.plugins.IvyPlugin,sbt.plugins.JvmPlugin,sbt.plugins.SemanticdbPlugin,org.jetbrains.sbt.indices.SbtIntellijIndicesPlugin,sbt.plugins.JUnitXmlReportPlugin,org.jetbrains.sbt.IdeaShellPlugin,org.jetbrains.sbt.StructurePlugin,sbt.plugins.MiniDependencyTreePlugin)
[debug] Plugins.deducer#function took 7.1351 ms
[info] loading settings for project assignment-web-crawler from build.sbt ...
[debug]         Load.resolveProject(assignment-web-crawler) took 80.6465ms
[debug]       Load.loadTransitive: finalizeProject(Project(id assignment-web-crawler, base: C:\Users\JANFAN\Documents\GitHub\CSYE7200-HW6\assignment-web-crawler, plugins: List(<none>))) took 90.7837ms
[debug] [Loading] Done in C:\Users\JANFAN\Documents\GitHub\CSYE7200-HW6\assignment-web-crawler, returning: (assignment-web-crawler)
[debug]     Load.loadUnit: loadedProjectsRaw took 4870.0447ms
[debug]     Load.loadUnit: cleanEvalClasses took 46.869ms
[debug]   Load.loadUnit(file:/C:/Users/JANFAN/Documents/GitHub/CSYE7200-HW6/assignment-web-crawler/, ...) took 17191.3302ms
[debug] Load.apply: load took 17251.4935ms
[debug] Load.apply: resolveProjects took 0.2763ms
[debug] Load.apply: finalTransforms took 70.0071ms
[debug] Load.apply: config.delegates took 0.7734ms
[debug] Load.apply: Def.make(settings)... took 220.6793ms
[debug] Load.apply: structureIndex took 90.49ms
[debug] Load.apply: mkStreams took 0.0047ms
[info] set current project to WebCrawler (in build file:/C:/Users/JANFAN/Documents/GitHub/CSYE7200-HW6/assignment-web-crawler/)
[debug] > Exec(sbtPopOnFailure, None, None)
[debug] > Exec(resumeFromFailure, None, None)
[debug] > Exec(notifyUsersAboutShell, None, None)
[debug] > Exec(iflast shell, None, None)
[debug] > Exec(; set ideaPort in Global := 54291 ; idea-shell, None, None)
[debug] > Exec(set ideaPort in Global := 54291, None, None)
[info] Defining Global / ideaPort
[info] The new value will be used by Compile / compile, Test / compile
[debug] Defining 
[debug] 	Global / ideaPort
[debug] 
[debug] The new value will be used by 
[debug] 	Compile / compile
[debug] 	Test / compile
[info] Reapplying settings...
[info] set current project to WebCrawler (in build file:/C:/Users/JANFAN/Documents/GitHub/CSYE7200-HW6/assignment-web-crawler/)
[debug] > Exec(idea-shell, None, None)
